[debug] [2022-10-18T05:25:36.516Z] ----------------------------------------------------------------------
[debug] [2022-10-18T05:25:36.517Z] Command:       C:\Program Files\nodejs\node.exe C:\Users\eng_h\AppData\Roaming\npm\node_modules\firebase-tools\lib\bin\firebase.js init
[debug] [2022-10-18T05:25:36.518Z] CLI Version:   11.9.0
[debug] [2022-10-18T05:25:36.518Z] Platform:      win32
[debug] [2022-10-18T05:25:36.518Z] Node Version:  v16.17.1
[debug] [2022-10-18T05:25:36.518Z] Time:          Tue Oct 18 2022 07:25:36 GMT+0200 (Eastern European Standard Time)
[debug] [2022-10-18T05:25:36.519Z] ----------------------------------------------------------------------
[debug] 
[debug] [2022-10-18T05:25:36.521Z] >>> [apiv2][query] GET https://firebase-public.firebaseio.com/cli.json [none]
[debug] [2022-10-18T05:25:36.536Z] > command requires scopes: ["email","openid","https://www.googleapis.com/auth/cloudplatformprojects.readonly","https://www.googleapis.com/auth/firebase","https://www.googleapis.com/auth/cloud-platform"]
[debug] [2022-10-18T05:25:36.536Z] > authorizing via signed-in user (hossammohamed1104@gmail.com)
[info] 
     ######## #### ########  ######## ########     ###     ######  ########
     ##        ##  ##     ## ##       ##     ##  ##   ##  ##       ##
     ######    ##  ########  ######   ########  #########  ######  ######
     ##        ##  ##    ##  ##       ##     ## ##     ##       ## ##
     ##       #### ##     ## ######## ########  ##     ##  ######  ########

You're about to initialize a Firebase project in this directory:

  C:\Hossam\Projects\My-Github\netflix-clone-1104-bootstrap

Before we get started, keep in mind:

  * You are currently outside your home directory

[debug] [2022-10-18T05:25:37.081Z] <<< [apiv2][status] GET https://firebase-public.firebaseio.com/cli.json 200
[debug] [2022-10-18T05:25:37.081Z] <<< [apiv2][body] GET https://firebase-public.firebaseio.com/cli.json {"cloudBuildErrorAfter":1594252800000,"cloudBuildWarnAfter":1590019200000,"defaultNode10After":1594252800000,"minVersion":"3.0.5","node8DeploysDisabledAfter":1613390400000,"node8RuntimeDisabledAfter":1615809600000,"node8WarnAfter":1600128000000}
[info] 
=== Project Setup
[info] 
[info] First, let's associate this project directory with a Firebase project.
[info] You can create multiple project aliases by running firebase use --add, 
[info] but for now we'll just set up a default project.
[info] 
[info] i  If you want to create a project in a Google Cloud organization or folder, please use "firebase projects:create" instead, and return to this command when you've created the project. 
[debug] [2022-10-18T05:26:12.903Z] ----------------------------------------------------------------------
[debug] [2022-10-18T05:26:12.904Z] Command:       C:\Program Files\nodejs\node.exe C:\Users\eng_h\AppData\Roaming\npm\node_modules\firebase-tools\lib\bin\firebase.js init
[debug] [2022-10-18T05:26:12.904Z] CLI Version:   11.9.0
[debug] [2022-10-18T05:26:12.904Z] Platform:      win32
[debug] [2022-10-18T05:26:12.905Z] Node Version:  v16.17.1
[debug] [2022-10-18T05:26:12.905Z] Time:          Tue Oct 18 2022 07:26:12 GMT+0200 (Eastern European Standard Time)
[debug] [2022-10-18T05:26:12.905Z] ----------------------------------------------------------------------
[debug] 
[debug] [2022-10-18T05:26:12.910Z] > command requires scopes: ["email","openid","https://www.googleapis.com/auth/cloudplatformprojects.readonly","https://www.googleapis.com/auth/firebase","https://www.googleapis.com/auth/cloud-platform"]
[debug] [2022-10-18T05:26:12.911Z] > authorizing via signed-in user (hossammohamed1104@gmail.com)
[info] 
     ######## #### ########  ######## ########     ###     ######  ########
     ##        ##  ##     ## ##       ##     ##  ##   ##  ##       ##
     ######    ##  ########  ######   ########  #########  ######  ######
     ##        ##  ##    ##  ##       ##     ## ##     ##       ## ##
     ##       #### ##     ## ######## ########  ##     ##  ######  ########

You're about to initialize a Firebase project in this directory:

  C:\Hossam\Projects\My-Github\netflix-clone-1104-bootstrap

Before we get started, keep in mind:

  * You are currently outside your home directory

[info] 
=== Project Setup
[info] 
[info] First, let's associate this project directory with a Firebase project.
[info] You can create multiple project aliases by running firebase use --add, 
[info] but for now we'll just set up a default project.
[info] 
[debug] [2022-10-18T05:27:09.469Z] > refreshing access token with scopes: []
[debug] [2022-10-18T05:27:09.471Z] >>> [apiv2][query] POST https://www.googleapis.com/oauth2/v3/token [none]
[debug] [2022-10-18T05:27:09.471Z] >>> [apiv2][body] POST https://www.googleapis.com/oauth2/v3/token [omitted]
[debug] [2022-10-18T05:27:09.725Z] <<< [apiv2][status] POST https://www.googleapis.com/oauth2/v3/token 200
[debug] [2022-10-18T05:27:09.725Z] <<< [apiv2][body] POST https://www.googleapis.com/oauth2/v3/token [omitted]
[debug] [2022-10-18T05:27:09.731Z] >>> [apiv2][query] GET https://firebase.googleapis.com/v1beta1/projects pageSize=100
[debug] [2022-10-18T05:27:10.469Z] <<< [apiv2][status] GET https://firebase.googleapis.com/v1beta1/projects 200
[debug] [2022-10-18T05:27:10.469Z] <<< [apiv2][body] GET https://firebase.googleapis.com/v1beta1/projects [omitted]
